This is pdfTeX, Version 3.14159265-2.6-1.40.21 (TeX Live 2020/Debian) (preloaded format=pdflatex 2022.1.17)  7 APR 2022 17:59
entering extended mode
 restricted \write18 enabled.
 file:line:error style messages enabled.
 %&-line parsing enabled.
**/home/fbarth/workspaces/agents/slides/04_busca_competitiva/buscaCompetitiva.tex
(/home/fbarth/workspaces/agents/slides/04_busca_competitiva/buscaCompetitiva.tex
LaTeX2e <2020-10-01> patch level 4
L3 programming layer <2021-01-09> xparse <2020-03-03> (/home/fbarth/workspaces/agents/slides/04_busca_competitiva/jomislides.cls
Document Class: jomislides 2002/05/23
(/usr/share/texlive/texmf-dist/tex/latex/seminar/seminar.cls
Document Class: seminar 2014/01/17, 1.61
Documentclass: `seminar' v1.61 <2014/01/17> (tvz,hv)
(/usr/share/texlive/texmf-dist/tex/latex/pst-ovl/pst-ovl.sty
Package: pst-ovl 2020/05/01 v0.02 LaTeX wrapper for `pst-ovl' (HV)
File: pst-ovl.tex 2020/05/01 v0.07b overlay macros `pst-ovl' (HV)
 (/usr/share/texlive/texmf-dist/tex/latex/pstricks/pstricks.sty
Package: pstricks 2020/06/11 v0.70 LaTeX wrapper for `PSTricks' (RN,HV)
 (/usr/share/texlive/texmf-dist/tex/generic/iftex/iftex.sty
Package: iftex 2020/03/06 v1.0d TeX engine tests
) (/usr/share/texlive/texmf-dist/tex/latex/xcolor/xcolor.sty
Package: xcolor 2016/05/11 v2.12 LaTeX color extensions (UK)
 (/usr/share/texlive/texmf-dist/tex/latex/graphics-cfg/color.cfg
File: color.cfg 2016/01/02 v1.6 sample color configuration
)
Package xcolor Info: Driver file: pdftex.def on input line 225.
 (/usr/share/texlive/texmf-dist/tex/latex/graphics-def/pdftex.def
File: pdftex.def 2020/10/05 v1.2a Graphics/color driver for pdftex
)
Package xcolor Info: Model `cmy' substituted by `cmy0' on input line 1348.
Package xcolor Info: Model `hsb' substituted by `rgb' on input line 1352.
Package xcolor Info: Model `RGB' extended on input line 1364.
Package xcolor Info: Model `HTML' substituted by `rgb' on input line 1366.
Package xcolor Info: Model `Hsb' substituted by `hsb' on input line 1367.
Package xcolor Info: Model `tHsb' substituted by `hsb' on input line 1368.
Package xcolor Info: Model `HSB' substituted by `hsb' on input line 1369.
Package xcolor Info: Model `Gray' substituted by `gray' on input line 1370.
Package xcolor Info: Model `wave' substituted by `hsb' on input line 1371.
) (/usr/share/texlive/texmf-dist/tex/generic/xkeyval/pst-xkey.tex
File: pst-xkey.tex 2005/11/25 v1.6 PSTricks specialization of xkeyval (HA)
 (/usr/share/texlive/texmf-dist/tex/latex/xkeyval/xkeyval.sty
Package: xkeyval 2020/11/20 v2.8 package option processing (HA)
 (/usr/share/texlive/texmf-dist/tex/generic/xkeyval/xkeyval.tex (/usr/share/texlive/texmf-dist/tex/generic/xkeyval/xkvutils.tex
\XKV@toks=\toks15
\XKV@tempa@toks=\toks16
 (/usr/share/texlive/texmf-dist/tex/generic/xkeyval/keyval.tex))
\XKV@depth=\count177
File: xkeyval.tex 2014/12/03 v2.7a key=value parser (HA)
))) (/usr/share/texlive/texmf-dist/tex/generic/pstricks/pstricks.tex (/usr/share/texlive/texmf-dist/tex/generic/pstricks/pst-fp.tex `pst-fp' v0.05, 2010/01/17 (hv)
\pstFP@xs=\count178
\pstFP@xia=\count179
\pstFP@xib=\count180
\pstFP@xfa=\count181
\pstFP@xfb=\count182
\pstFP@rega=\count183
\pstFP@regb=\count184
\pstFP@regs=\count185
\pstFP@times=\count186
) (/usr/share/texlive/texmf-dist/tex/generic/pgf/utilities/pgfutil-common.tex
\pgfutil@everybye=\toks17
\pgfutil@tempdima=\dimen138
\pgfutil@tempdimb=\dimen139
 (/usr/share/texlive/texmf-dist/tex/generic/pgf/utilities/pgfutil-common-lists.tex)) (/usr/share/texlive/texmf-dist/tex/generic/pgf/utilities/pgfkeys.code.tex
\pgfkeys@pathtoks=\toks18
\pgfkeys@temptoks=\toks19
 (/usr/share/texlive/texmf-dist/tex/generic/pgf/utilities/pgfkeysfiltered.code.tex
\pgfkeys@tmptoks=\toks20
)) (/usr/share/texlive/texmf-dist/tex/generic/pgf/utilities/pgffor.code.tex
Loading pgffor.code.tex
(/usr/share/texlive/texmf-dist/tex/generic/pgf/math/pgfmath.code.tex (/usr/share/texlive/texmf-dist/tex/generic/pgf/math/pgfmathcalc.code.tex (/usr/share/texlive/texmf-dist/tex/generic/pgf/math/pgfmathutil.code.tex
\pgf@x=\dimen140
\pgf@xa=\dimen141
\pgf@xb=\dimen142
\pgf@xc=\dimen143
\pgf@y=\dimen144
\pgf@ya=\dimen145
\pgf@yb=\dimen146
\pgf@yc=\dimen147
\c@pgf@counta=\count187
\c@pgf@countb=\count188
\c@pgf@countc=\count189
\c@pgf@countd=\count190
\pgfutil@tempcnta=\count191
\pgfutil@tempcntb=\count192
) (/usr/share/texlive/texmf-dist/tex/generic/pgf/math/pgfmathparser.code.tex
\pgfmath@dimen=\dimen148
\pgfmath@count=\count193
\pgfmath@box=\box47
\pgfmath@toks=\toks21
\pgfmath@stack@operand=\toks22
\pgfmath@stack@operation=\toks23
) (/usr/share/texlive/texmf-dist/tex/generic/pgf/math/pgfmathfunctions.code.tex (/usr/share/texlive/texmf-dist/tex/generic/pgf/math/pgfmathfunctions.basic.code.tex) (/usr/share/texlive/texmf-dist/tex/generic/pgf/math/pgfmathfunctions.trigonometric.code.tex) (/usr/share/texlive/texmf-dist/tex/generic/pgf/math/pgfmathfunctions.random.code.tex) (/usr/share/texlive/texmf-dist/tex/generic/pgf/math/pgfmathfunctions.comparison.code.tex) (/usr/share/texlive/texmf-dist/tex/generic/pgf/math/pgfmathfunctions.base.code.tex) (/usr/share/texlive/texmf-dist/tex/generic/pgf/math/pgfmathfunctions.round.code.tex) (/usr/share/texlive/texmf-dist/tex/generic/pgf/math/pgfmathfunctions.misc.code.tex) (/usr/share/texlive/texmf-dist/tex/generic/pgf/math/pgfmathfunctions.integerarithmetics.code.tex))) (/usr/share/texlive/texmf-dist/tex/generic/pgf/math/pgfmathfloat.code.tex
\c@pgfmathroundto@lastzeros=\count194
))
\pgffor@iter=\dimen149
\pgffor@skip=\dimen150
\pgffor@stack=\toks24
\pgffor@toks=\toks25
)
\psLoopIndex=\count195

`PSTricks' v3.01  <2020/09/18> (tvz,hv)
\pst@dima=\dimen151
\pst@dimb=\dimen152
\pst@dimc=\dimen153
\pst@dimd=\dimen154
\pst@dimg=\dimen155
\pst@dimh=\dimen156
\pst@dimm=\dimen157
\pst@dimn=\dimen158
\pst@dimo=\dimen159
\pst@dimp=\dimen160
\pst@hbox=\box48
\pst@ibox=\box49
\pst@boxg=\box50
\pst@cnta=\count196
\pst@cntb=\count197
\pst@cntc=\count198
\pst@cntd=\count199
\pst@cntg=\count266
\pst@cnth=\count267
\pst@cntm=\count268
\pst@cntn=\count269
\pst@cnto=\count270
\pst@cntp=\count271
\@zero=\count272
\pst@toks=\toks26
(/usr/share/texlive/texmf-dist/tex/generic/pstricks/pstricks.con)
\psunit=\dimen161
\psxunit=\dimen162
\psyunit=\dimen163
\pst@C@@rType=\count273
\pslinewidth=\dimen164
\psk@startLW=\dimen165
\psk@endLW=\dimen166
\pst@customdefs=\toks27
\pslinearc=\dimen167
\pst@symbolStep=\dimen168
\pst@symbolWidth=\dimen169
\pst@symbolLinewidth=\dimen170
\everypsbox=\toks28
\psframesep=\dimen171
\pslabelsep=\dimen172
\sh@wgridXunit=\dimen173
\sh@wgridYunit=\dimen174
\pst@shift=\dimen175
)
File: pstricks.tex 2020/09/18 v3.01 `PSTricks' (tvz,hv)
 (/usr/share/texlive/texmf-dist/tex/generic/pstricks/pst-fp.tex)
File: pst-fp.tex 2020/09/18 v3.01 `PST-fp' (hv)
) (/usr/share/texlive/texmf-dist/tex/generic/pst-ovl/pst-ovl.tex `pst-ovl' v0.07b, 2020/05/01 (tvz,hv)
\thepsoverlaybox=\box51
))
\slidewidth=\dimen176
\slideheight=\dimen177
\footheight=\dimen178
 (/usr/share/texlive/texmf-dist/tex/latex/base/article.cls
Document Class: article 2020/04/10 v1.4m Standard LaTeX document class
(/usr/share/texlive/texmf-dist/tex/latex/base/size10.clo
File: size10.clo 2020/04/10 v1.4m Standard LaTeX file (size option)
)
\c@part=\count274
\c@section=\count275
\c@subsection=\count276
\c@subsubsection=\count277
\c@paragraph=\count278
\c@subparagraph=\count279
\c@figure=\count280
\c@table=\count281
\abovecaptionskip=\skip47
\belowcaptionskip=\skip48
\bibindent=\dimen179
) (/usr/share/texlive/texmf-dist/tex/latex/seminar/sem-page.sty)
\before@document=\toks29
\after@document=\toks30
\before@enddocument=\toks31
\c@slide=\count282
\slide@count=\count283
\@slidebox=\box52
\not@slidebox=\box53
\slide@hook=\toks32
\after@slide=\toks33
\slide@footins=\insert252
\slide@listdepth=\count284
\saved@specials=\box54
\before@newslide=\toks34
\after@slidepage=\toks35
\slidesep=\skip49
\c@note=\count285
\slideframewidth=\dimen180
\slideframesep=\dimen181
\semin=\dimen182
\semcm=\dimen183
) (/usr/share/texlive/texmf-dist/tex/latex/base/ifthen.sty
Package: ifthen 2014/09/29 v1.1c Standard LaTeX ifthen package (DPC)
) (/usr/share/texlive/texmf-dist/tex/latex/fancybox/fancybox.sty
Package: fancybox 2010/05/15 1.4

Style option: `fancybox' v1.4 <2010/05/15> (tvz)
\@fancybox=\box55
\shadowsize=\dimen184
\@Sbox=\box56
\do@VerbBox=\toks36
\the@fancyput=\toks37
\this@fancyput=\toks38
\EndVerbatimTokens=\toks39
\Verbatim@Outfile=\write3
\Verbatim@Infile=\read2
) (/usr/share/texlive/texmf-dist/tex/latex/graphics/graphicx.sty
Package: graphicx 2020/09/09 v1.2b Enhanced LaTeX Graphics (DPC,SPQR)
 (/usr/share/texlive/texmf-dist/tex/latex/graphics/graphics.sty
Package: graphics 2020/08/30 v1.4c Standard LaTeX Graphics (DPC,SPQR)
 (/usr/share/texlive/texmf-dist/tex/latex/graphics/trig.sty
Package: trig 2016/01/03 v1.10 sin cos tan (DPC)
) (/usr/share/texlive/texmf-dist/tex/latex/graphics-cfg/graphics.cfg
File: graphics.cfg 2016/06/04 v1.11 sample graphics configuration
)
Package graphics Info: Driver file: pdftex.def on input line 105.
)
\Gin@req@height=\dimen185
\Gin@req@width=\dimen186
) (/usr/share/texlive/texmf-dist/tex/latex/seminar/slidesec.sty
File `slidesec.sty' v0.9  92/05/07  <tvz>
\@temptokenb=\toks40
\c@slidesection=\count286
\c@slidesubsection=\count287
) (/usr/share/texlive/texmf-dist/tex/latex/url/url.sty
\Urlmuskip=\muskip16
Package: url 2013/09/16  ver 3.4  Verb mode for urls, etc.
) (/usr/share/texlive/texmf-dist/tex/latex/hyperref/hyperref.sty
Package: hyperref 2020-05-15 v7.00e Hypertext links for LaTeX
 (/usr/share/texlive/texmf-dist/tex/generic/ltxcmds/ltxcmds.sty
Package: ltxcmds 2020-05-10 v1.25 LaTeX kernel commands for general use (HO)
) (/usr/share/texlive/texmf-dist/tex/generic/pdftexcmds/pdftexcmds.sty
Package: pdftexcmds 2020-06-27 v0.33 Utility functions of pdfTeX for LuaTeX (HO)
 (/usr/share/texlive/texmf-dist/tex/generic/infwarerr/infwarerr.sty
Package: infwarerr 2019/12/03 v1.5 Providing info/warning/error messages (HO)
)
Package pdftexcmds Info: \pdf@primitive is available.
Package pdftexcmds Info: \pdf@ifprimitive is available.
Package pdftexcmds Info: \pdfdraftmode found.
) (/usr/share/texlive/texmf-dist/tex/generic/kvsetkeys/kvsetkeys.sty
Package: kvsetkeys 2019/12/15 v1.18 Key value parser (HO)
) (/usr/share/texlive/texmf-dist/tex/generic/kvdefinekeys/kvdefinekeys.sty
Package: kvdefinekeys 2019-12-19 v1.6 Define keys (HO)
) (/usr/share/texlive/texmf-dist/tex/generic/pdfescape/pdfescape.sty
Package: pdfescape 2019/12/09 v1.15 Implements pdfTeX's escape features (HO)
) (/usr/share/texlive/texmf-dist/tex/latex/hycolor/hycolor.sty
Package: hycolor 2020-01-27 v1.10 Color options for hyperref/bookmark (HO)
) (/usr/share/texlive/texmf-dist/tex/latex/letltxmacro/letltxmacro.sty
Package: letltxmacro 2019/12/03 v1.6 Let assignment for LaTeX macros (HO)
) (/usr/share/texlive/texmf-dist/tex/latex/auxhook/auxhook.sty
Package: auxhook 2019-12-17 v1.6 Hooks for auxiliary files (HO)
) (/usr/share/texlive/texmf-dist/tex/latex/kvoptions/kvoptions.sty
Package: kvoptions 2020-10-07 v3.14 Key value format for package options (HO)
)
\@linkdim=\dimen187
\Hy@linkcounter=\count288
\Hy@pagecounter=\count289
 (/usr/share/texlive/texmf-dist/tex/latex/hyperref/pd1enc.def
File: pd1enc.def 2020-05-15 v7.00e Hyperref: PDFDocEncoding definition (HO)
Now handling font encoding PD1 ...
... no UTF-8 mapping file for font encoding PD1
) (/usr/share/texlive/texmf-dist/tex/generic/intcalc/intcalc.sty
Package: intcalc 2019/12/15 v1.3 Expandable calculations with integers (HO)
) (/usr/share/texlive/texmf-dist/tex/generic/etexcmds/etexcmds.sty
Package: etexcmds 2019/12/15 v1.7 Avoid name clashes with e-TeX commands (HO)
)
\Hy@SavedSpaceFactor=\count290
Package hyperref Info: Hyper figures OFF on input line 4464.
Package hyperref Info: Link nesting OFF on input line 4469.
Package hyperref Info: Hyper index ON on input line 4472.
Package hyperref Info: Plain pages OFF on input line 4479.
Package hyperref Info: Backreferencing OFF on input line 4484.
Package hyperref Info: Implicit mode ON; LaTeX internals redefined.
Package hyperref Info: Bookmarks ON on input line 4717.
\c@Hy@tempcnt=\count291
LaTeX Info: Redefining \url on input line 5076.
\XeTeXLinkMargin=\dimen188
 (/usr/share/texlive/texmf-dist/tex/generic/bitset/bitset.sty
Package: bitset 2019/12/09 v1.3 Handle bit-vector datatype (HO)
 (/usr/share/texlive/texmf-dist/tex/generic/bigintcalc/bigintcalc.sty
Package: bigintcalc 2019/12/15 v1.5 Expandable calculations on big integers (HO)
))
\Fld@menulength=\count292
\Field@Width=\dimen189
\Fld@charsize=\dimen190
Package hyperref Info: Hyper figures OFF on input line 6347.
Package hyperref Info: Link nesting OFF on input line 6352.
Package hyperref Info: Hyper index ON on input line 6355.
Package hyperref Info: backreferencing OFF on input line 6362.
Package hyperref Info: Link coloring OFF on input line 6367.
Package hyperref Info: Link coloring with OCG OFF on input line 6372.
Package hyperref Info: PDF/A mode OFF on input line 6377.
LaTeX Info: Redefining \ref on input line 6417.
LaTeX Info: Redefining \pageref on input line 6421.
 (/usr/share/texlive/texmf-dist/tex/latex/base/atbegshi-ltx.sty
Package: atbegshi-ltx 2020/08/17 v1.0a Emulation of the original atbegshi package
with kernel methods
)
\Hy@abspage=\count293
\c@Item=\count294
\c@Hfootnote=\count295
)
Package hyperref Info: Driver: hpdftex.
 (/usr/share/texlive/texmf-dist/tex/latex/hyperref/hpdftex.def
File: hpdftex.def 2020-05-15 v7.00e Hyperref driver for pdfTeX
 (/usr/share/texlive/texmf-dist/tex/latex/base/atveryend-ltx.sty
Package: atveryend-ltx 2020/08/19 v1.0a Emulation of the original atvery package
with kernel methods
)
\Fld@listcount=\count296
\c@bookmark@seq@number=\count297
 (/usr/share/texlive/texmf-dist/tex/latex/rerunfilecheck/rerunfilecheck.sty
Package: rerunfilecheck 2019/12/05 v1.9 Rerun checks for auxiliary files (HO)
 (/usr/share/texlive/texmf-dist/tex/generic/uniquecounter/uniquecounter.sty
Package: uniquecounter 2019/12/15 v1.4 Provide unlimited unique counter (HO)
)
Package uniquecounter Info: New unique counter `rerunfilecheck' on input line 286.
)
\Hy@SectionHShift=\skip50
) (/home/fbarth/workspaces/agents/slides/04_busca_competitiva/background.sty) (/home/fbarth/workspaces/agents/slides/04_busca_competitiva/pagetrans.sty) (/home/fbarth/workspaces/agents/slides/04_busca_competitiva/pause.sty) (/usr/share/texlive/texmf-dist/tex/latex/tools/enumerate.sty
Package: enumerate 2015/07/23 v3.00 enumerate extensions (DPC)
\@enLab=\toks41
) (/usr/share/texlive/texmf-dist/tex/latex/tools/multicol.sty
Package: multicol 2019/12/09 v1.8y multicolumn formatting (FMi)
\c@tracingmulticols=\count298
\mult@box=\box57
\multicol@leftmargin=\dimen191
\c@unbalance=\count299
\c@collectmore=\count300
\doublecol@number=\count301
\multicoltolerance=\count302
\multicolpretolerance=\count303
\full@width=\dimen192
\page@free=\dimen193
\premulticols=\dimen194
\postmulticols=\dimen195
\multicolsep=\skip51
\multicolbaselineskip=\skip52
\partial@page=\box58
\last@line=\box59
\maxbalancingoverflow=\dimen196
\mult@rightbox=\box60
\mult@grightbox=\box61
\mult@gfirstbox=\box62
\mult@firstbox=\box63
\@tempa=\box64
\@tempa=\box65
\@tempa=\box66
\@tempa=\box67
\@tempa=\box68
\@tempa=\box69
\@tempa=\box70
\@tempa=\box71
\@tempa=\box72
\@tempa=\box73
\@tempa=\box74
\@tempa=\box75
\@tempa=\box76
\@tempa=\box77
\@tempa=\box78
\@tempa=\box79
\@tempa=\box80
\@tempa=\box81
\@tempa=\box82
\@tempa=\box83
\@tempa=\box84
\@tempa=\box85
\@tempa=\box86
\@tempa=\box87
\@tempa=\box88
\@tempa=\box89
\@tempa=\box90
\@tempa=\box91
\@tempa=\box92
\@tempa=\box93
\@tempa=\box94
\@tempa=\box95
\@tempa=\box96
\@tempa=\box97
\@tempa=\box98
\@tempa=\box99
\@tempa=\box100
\c@minrows=\count304
\c@columnbadness=\count305
\c@finalcolumnbadness=\count306
\last@try=\dimen197
\multicolovershoot=\dimen198
\multicolundershoot=\dimen199
\mult@nat@firstbox=\box101
\colbreak@box=\box102
\mc@col@check@num=\count307
) (/usr/share/texlive/texmf-dist/tex/latex/tools/tabularx.sty
Package: tabularx 2020/01/15 v2.11c `tabularx' package (DPC)
 (/usr/share/texlive/texmf-dist/tex/latex/tools/array.sty
Package: array 2020/10/01 v2.5c Tabular extension package (FMi)
\col@sep=\dimen256
\ar@mcellbox=\box103
\extrarowheight=\dimen257
\NC@list=\toks42
\extratabsurround=\skip53
\backup@length=\skip54
\ar@cellbox=\box104
)
\TX@col@width=\dimen258
\TX@old@table=\dimen259
\TX@old@col=\dimen260
\TX@target=\dimen261
\TX@delta=\dimen262
\TX@cols=\count308
\TX@ftn=\toks43
) (/usr/share/texlive/texmf-dist/tex/latex/base/inputenc.sty
Package: inputenc 2020/08/01 v1.3d Input encoding file
\inpenc@prehook=\toks44
\inpenc@posthook=\toks45
 (/usr/share/texlive/texmf-dist/tex/latex/base/latin1.def
File: latin1.def 2020/08/01 v1.3d Input encoding file
)) (/usr/share/texlive/texmf-dist/tex/latex/seminar/seminar.bug) (/usr/share/texlive/texmf-dist/tex/latex/seminar/seminar.bg2
seminar.bg2: various corrections for the Seminar document class
added since seminar.bug and few add-ons for overlays
(Version 2.3 of <2014/05/12> (DG, hv))
\Seminar@SlideBoxBackground=\box105
)
Package hyperref Info: Option `bookmarksopen' set `true' on input line 74.
Package hyperref Info: Option `colorlinks' set `true' on input line 78.
 (/usr/share/texlive/texmf-dist/tex/latex/colortbl/colortbl.sty
Package: colortbl 2020/01/04 v1.0e Color table columns (DPC)
\everycr=\toks46
\minrowclearance=\skip55
)) (/home/fbarth/workspaces/agents/slides/04_busca_competitiva/algorithmic.sty
Package: algorithmic 

Document Style `algorithmic' - environment
(/usr/share/texlive/texmf-dist/tex/latex/tools/calc.sty
Package: calc 2017/05/25 v4.3 Infix arithmetic (KKT,FJ)
\calc@Acount=\count309
\calc@Bcount=\count310
\calc@Adimen=\dimen263
\calc@Bdimen=\dimen264
\calc@Askip=\skip56
\calc@Bskip=\skip57
LaTeX Info: Redefining \setlength on input line 80.
LaTeX Info: Redefining \addtolength on input line 81.
\calc@Ccount=\count311
\calc@Cskip=\skip58
)
\c@ALC@line=\count312
\c@ALC@rem=\count313
\ALC@tlm=\skip59
)
/home/fbarth/workspaces/agents/slides/04_busca_competitiva/buscaCompetitiva.tex:17: Extra \endgroup.
\document ->\endgroup 
                      \the \before@document \begingroup \UseOneTimeHook {beg...
l.17 \begin{document}
                     
Things are pretty mixed up, but I think the worst is over.

(/usr/share/texlive/texmf-dist/tex/latex/l3backend/l3backend-pdftex.def
File: l3backend-pdftex.def 2020-01-29 L3 backend support: PDF output (pdfTeX)
\l__color_backend_stack_int=\count314
\l__pdf_internal_box=\box106
) (/home/fbarth/workspaces/agents/slides/04_busca_competitiva/buscaCompetitiva.aux)
\openout1 = `buscaCompetitiva.aux'.

LaTeX Font Info:    Checking defaults for OML/cmm/m/it on input line 17.
LaTeX Font Info:    ... okay on input line 17.
LaTeX Font Info:    Checking defaults for OMS/cmsy/m/n on input line 17.
LaTeX Font Info:    ... okay on input line 17.
LaTeX Font Info:    Checking defaults for OT1/cmr/m/n on input line 17.
LaTeX Font Info:    ... okay on input line 17.
LaTeX Font Info:    Checking defaults for T1/cmr/m/n on input line 17.
LaTeX Font Info:    ... okay on input line 17.
LaTeX Font Info:    Checking defaults for TS1/cmr/m/n on input line 17.
LaTeX Font Info:    ... okay on input line 17.
LaTeX Font Info:    Checking defaults for OMX/cmex/m/n on input line 17.
LaTeX Font Info:    ... okay on input line 17.
LaTeX Font Info:    Checking defaults for U/cmr/m/n on input line 17.
LaTeX Font Info:    ... okay on input line 17.
LaTeX Font Info:    Checking defaults for PD1/pdf/m/n on input line 17.
LaTeX Font Info:    ... okay on input line 17.
 (/usr/share/texlive/texmf-dist/tex/context/base/mkii/supp-pdf.mkii
[Loading MPS to PDF converter (version 2006.09.02).]
\scratchcounter=\count315
\scratchdimen=\dimen265
\scratchbox=\box107
\nofMPsegments=\count316
\nofMParguments=\count317
\everyMPshowfont=\toks47
\MPscratchCnt=\count318
\MPscratchDim=\dimen266
\MPnumerator=\count319
\makeMPintoPDFobject=\count320
\everyMPtoPDFconversion=\toks48
) (/usr/share/texlive/texmf-dist/tex/latex/epstopdf-pkg/epstopdf-base.sty
Package: epstopdf-base 2020-01-24 v2.11 Base part for package epstopdf
Package epstopdf-base Info: Redefining graphics rule for `.eps' on input line 485.
 (/usr/share/texlive/texmf-dist/tex/latex/latexconfig/epstopdf-sys.cfg
File: epstopdf-sys.cfg 2010/07/13 v1.3 Configuration of (r)epstopdf for TeX Live
))
Package hyperref Info: Link coloring ON on input line 17.
 (/usr/share/texlive/texmf-dist/tex/latex/hyperref/nameref.sty
Package: nameref 2019/09/16 v2.46 Cross-referencing by name of section
 (/usr/share/texlive/texmf-dist/tex/latex/refcount/refcount.sty
Package: refcount 2019/12/15 v3.6 Data extraction from label references (HO)
) (/usr/share/texlive/texmf-dist/tex/generic/gettitlestring/gettitlestring.sty
Package: gettitlestring 2019/12/15 v1.6 Cleanup title references (HO)
)
\c@section@level=\count321
)
LaTeX Info: Redefining \ref on input line 17.
LaTeX Info: Redefining \pageref on input line 17.
LaTeX Info: Redefining \nameref on input line 17.
\@outlinefile=\write4
\openout4 = `buscaCompetitiva.out'.


Overfull \hbox (1.83334pt too wide) has occurred while \output is active
[] 
 []


Overfull \hbox (1.83334pt too wide) has occurred while \output is active
[][] 
 []

[1
Non-PDF special ignored!
<special> header=pstricks.pro
Non-PDF special ignored!
<special> header=pst-algparser.pro
Non-PDF special ignored!
<special> header=pst-tools.pro
Non-PDF special ignored!
<special> header=pst-dots.pro
Non-PDF special ignored!
<special> header=pst-ovl.pro
Non-PDF special ignored!
<special> ps: /pssetRGBcolor /setrgbcolor load def /pssetCMYKcolor /setcmyk...
Non-PDF special ignored!
<special> ps:tx@Dict begin  gsave STV CP T /ps@rot 0 def grestore  end
Non-PDF special ignored!
<special> ps:tx@Dict begin  gsave STV CP T /ps@refangle 0.  def grestore  e...


pdfTeX warning (ext4): destination with the same identifier (name{1.-1}) has been already used, duplicate ignored
<argument> ...shipout:D \box_use:N \l_shipout_box 
                                                  
l.36 \maketitle
               {/var/lib/texmf/fonts/map/pdftex/updmap/pdftex.map}]
Overfull \hbox (1.83334pt too wide) has occurred while \output is active
[] 
 []


Overfull \hbox (1.83334pt too wide) has occurred while \output is active
[][] 
 []

[2

pdfTeX warning (ext4): destination with the same identifier (name{2.0}) has been already used, duplicate ignored
<argument> ...shipout:D \box_use:N \l_shipout_box 
                                                  
l.44 \end{Slide}
                ]
Overfull \hbox (1.83334pt too wide) has occurred while \output is active
[] 
 []


Overfull \hbox (1.83334pt too wide) has occurred while \output is active
[][] 
 []

[3

pdfTeX warning (ext4): destination with the same identifier (name{3.0}) has been already used, duplicate ignored
<argument> ...shipout:D \box_use:N \l_shipout_box 
                                                  
l.57 \end{Slide}
                ]
<figuras/jogoDaVelha.png, id=28, 180.675pt x 160.6pt>
File: figuras/jogoDaVelha.png Graphic file (type png)
<use figuras/jogoDaVelha.png>
Package pdftex.def Info: figuras/jogoDaVelha.png  used on input line 68.
(pdftex.def)             Requested size: 180.67455pt x 160.5996pt.

Overfull \hbox (1.83334pt too wide) has occurred while \output is active
[] 
 []


Overfull \hbox (1.83334pt too wide) has occurred while \output is active
[][] 
 []

[4

pdfTeX warning (ext4): destination with the same identifier (name{4.0}) has been already used, duplicate ignored
<argument> ...shipout:D \box_use:N \l_shipout_box 
                                                  
l.71 \end{Slide}
                 </home/fbarth/workspaces/agents/slides/04_busca_competitiva/figuras/jogoDaVelha.png>]
LaTeX Font Info:    Font shape `OT1/cmss/m/it' in size <10> not available
(Font)              Font shape `OT1/cmss/m/sl' tried instead on input line 77.

Overfull \hbox (1.83334pt too wide) has occurred while \output is active
[] 
 []


Overfull \hbox (1.83334pt too wide) has occurred while \output is active
[][] 
 []

[5

pdfTeX warning (ext4): destination with the same identifier (name{5.0}) has been already used, duplicate ignored
<argument> ...shipout:D \box_use:N \l_shipout_box 
                                                  
l.83 \end{Slide}
                ]
Overfull \hbox (1.83334pt too wide) has occurred while \output is active
[] 
 []


Overfull \hbox (1.83334pt too wide) has occurred while \output is active
[][] 
 []

[6

pdfTeX warning (ext4): destination with the same identifier (name{6.0}) has been already used, duplicate ignored
<argument> ...shipout:D \box_use:N \l_shipout_box 
                                                  
l.97 \newpage
             ]
Overfull \hbox (1.83334pt too wide) has occurred while \output is active
[] 
 []


Overfull \hbox (1.83334pt too wide) has occurred while \output is active
[][] 
 []

[7]
<figuras/arvoreBusca.pdf, id=55, 920.43875pt x 507.8975pt>
File: figuras/arvoreBusca.pdf Graphic file (type pdf)
<use figuras/arvoreBusca.pdf>
Package pdftex.def Info: figuras/arvoreBusca.pdf  used on input line 112.
(pdftex.def)             Requested size: 920.43651pt x 507.89627pt.

Overfull \hbox (1.83334pt too wide) has occurred while \output is active
[] 
 []


Overfull \hbox (1.83334pt too wide) has occurred while \output is active
[][] 
 []

[8

pdfTeX warning (ext4): destination with the same identifier (name{8.0}) has been already used, duplicate ignored
<argument> ...shipout:D \box_use:N \l_shipout_box 
                                                  
l.115 \end{Slide}
                  </home/fbarth/workspaces/agents/slides/04_busca_competitiva/figuras/arvoreBusca.pdf>]
<figuras/velhaArvore.png, id=66, 437.635pt x 291.489pt>
File: figuras/velhaArvore.png Graphic file (type png)
<use figuras/velhaArvore.png>
Package pdftex.def Info: figuras/velhaArvore.png  used on input line 121.
(pdftex.def)             Requested size: 437.63393pt x 291.48828pt.


LaTeX Warning: Slide 9 overfull by 6.06409pt on input line 124.


Overfull \vbox (2.80968pt too high) has occurred while \output is active []


Overfull \hbox (1.83334pt too wide) has occurred while \output is active
[] 
 []


Overfull \hbox (1.83334pt too wide) has occurred while \output is active
[][] 
 []

[9

pdfTeX warning (ext4): destination with the same identifier (name{9.0}) has been already used, duplicate ignored
<argument> ...shipout:D \box_use:N \l_shipout_box 
                                                  
l.124 \end{Slide}
                  </home/fbarth/workspaces/agents/slides/04_busca_competitiva/figuras/velhaArvore.png>]
<figuras/funcaoUtilidade.pdf, id=74, 503.8825pt x 397.485pt>
File: figuras/funcaoUtilidade.pdf Graphic file (type pdf)
<use figuras/funcaoUtilidade.pdf>
Package pdftex.def Info: figuras/funcaoUtilidade.pdf  used on input line 130.
(pdftex.def)             Requested size: 503.88127pt x 397.48402pt.

Overfull \hbox (1.83334pt too wide) has occurred while \output is active
[] 
 []


Overfull \hbox (1.83334pt too wide) has occurred while \output is active
[][] 
 []

[10

pdfTeX warning (ext4): destination with the same identifier (name{10.0}) has been already used, duplicate ignored
<argument> ...shipout:D \box_use:N \l_shipout_box 
                                                  
l.133 \end{Slide}
                  </home/fbarth/workspaces/agents/slides/04_busca_competitiva/figuras/funcaoUtilidade.pdf>]
Overfull \hbox (16.13461pt too wide) in alignment at lines 136--144
 [][][] []
 []


LaTeX Warning: Slide 11 overfull by 11.22475pt on input line 150.


Overfull \vbox (4.69101pt too high) has occurred while \output is active []


Overfull \hbox (1.83334pt too wide) has occurred while \output is active
[] 
 []


Overfull \hbox (1.83334pt too wide) has occurred while \output is active
[][] 
 []

[11

pdfTeX warning (ext4): destination with the same identifier (name{11.0}) has been already used, duplicate ignored
<argument> ...shipout:D \box_use:N \l_shipout_box 
                                                  
l.150 \newpage
              ]
Overfull \hbox (1.83334pt too wide) has occurred while \output is active
[] 
 []


Overfull \hbox (1.83334pt too wide) has occurred while \output is active
[][] 
 []

[12]
<figuras/minMax.pdf, id=101, 844.15375pt x 423.5825pt>
File: figuras/minMax.pdf Graphic file (type pdf)
<use figuras/minMax.pdf>
Package pdftex.def Info: figuras/minMax.pdf  used on input line 162.
(pdftex.def)             Requested size: 844.15169pt x 423.58147pt.


LaTeX Warning: Slide 13 overfull by 6.51521pt on input line 165.


Overfull \vbox (3.2608pt too high) has occurred while \output is active []


Overfull \hbox (1.83334pt too wide) has occurred while \output is active
[] 
 []


Overfull \hbox (1.83334pt too wide) has occurred while \output is active
[][] 
 []

[13

pdfTeX warning (ext4): destination with the same identifier (name{13.0}) has been already used, duplicate ignored
<argument> ...shipout:D \box_use:N \l_shipout_box 
                                                  
l.165 \end{Slide}
                  </home/fbarth/workspaces/agents/slides/04_busca_competitiva/figuras/minMax.pdf>]
Overfull \hbox (1.83334pt too wide) has occurred while \output is active
[] 
 []


Overfull \hbox (1.83334pt too wide) has occurred while \output is active
[][] 
 []

[14

pdfTeX warning (ext4): destination with the same identifier (name{14.0}) has been already used, duplicate ignored
<argument> ...shipout:D \box_use:N \l_shipout_box 
                                                  
l.182 \newpage
              ]
Overfull \hbox (1.83334pt too wide) has occurred while \output is active
[] 
 []


Overfull \hbox (1.83334pt too wide) has occurred while \output is active
[][] 
 []

[15]
<figuras/desempenho.pdf, id=122, 723.70375pt x 543.02875pt>
File: figuras/desempenho.pdf Graphic file (type pdf)
<use figuras/desempenho.pdf>
Package pdftex.def Info: figuras/desempenho.pdf  used on input line 202.
(pdftex.def)             Requested size: 723.70198pt x 543.0274pt.

Overfull \hbox (1.83334pt too wide) has occurred while \output is active
[] 
 []


Overfull \hbox (1.83334pt too wide) has occurred while \output is active
[][] 
 []

[16

pdfTeX warning (ext4): destination with the same identifier (name{16.0}) has been already used, duplicate ignored
<argument> ...shipout:D \box_use:N \l_shipout_box 
                                                  
l.205 \end{Slide}
                  </home/fbarth/workspaces/agents/slides/04_busca_competitiva/figuras/desempenho.pdf>]

Package hyperref Warning: Token not allowed in a PDF string (PDFDocEncoding):
(hyperref)                removing `math shift' on input line 208.


Package hyperref Warning: Token not allowed in a PDF string (PDFDocEncoding):
(hyperref)                removing `\simeq' on input line 208.


Package hyperref Warning: Token not allowed in a PDF string (PDFDocEncoding):
(hyperref)                removing `math shift' on input line 208.

LaTeX Font Info:    Font shape `OT1/cmss/m/it' in size <14.4> not available
(Font)              Font shape `OT1/cmss/m/sl' tried instead on input line 208.
LaTeX Font Info:    External font `cmex10' loaded for size
(Font)              <14.4> on input line 208.

Overfull \hbox (1.83334pt too wide) has occurred while \output is active
[] 
 []


Overfull \hbox (1.83334pt too wide) has occurred while \output is active
[][] 
 []

[17

pdfTeX warning (ext4): destination with the same identifier (name{17.0}) has been already used, duplicate ignored
<argument> ...shipout:D \box_use:N \l_shipout_box 
                                                  
l.215 \end{Slide}
                 ]

Package hyperref Warning: Token not allowed in a PDF string (PDFDocEncoding):
(hyperref)                removing `math shift' on input line 218.


Package hyperref Warning: Token not allowed in a PDF string (PDFDocEncoding):
(hyperref)                removing `\alpha' on input line 218.


Package hyperref Warning: Token not allowed in a PDF string (PDFDocEncoding):
(hyperref)                removing `\beta' on input line 218.


Package hyperref Warning: Token not allowed in a PDF string (PDFDocEncoding):
(hyperref)                removing `math shift' on input line 218.


LaTeX Warning: Slide 18 overfull by 6.61627pt on input line 234.


Overfull \hbox (1.83334pt too wide) has occurred while \output is active
[] 
 []


Overfull \hbox (1.83334pt too wide) has occurred while \output is active
[][] 
 []

[18

pdfTeX warning (ext4): destination with the same identifier (name{18.0}) has been already used, duplicate ignored
<argument> ...shipout:D \box_use:N \l_shipout_box 
                                                  
l.234 \newpage
              ]
Overfull \hbox (1.83334pt too wide) has occurred while \output is active
[] 
 []


Overfull \hbox (1.83334pt too wide) has occurred while \output is active
[][] 
 []

[19]

Package hyperref Warning: Token not allowed in a PDF string (PDFDocEncoding):
(hyperref)                removing `math shift' on input line 252.


Package hyperref Warning: Token not allowed in a PDF string (PDFDocEncoding):
(hyperref)                removing `\alpha' on input line 252.


Package hyperref Warning: Token not allowed in a PDF string (PDFDocEncoding):
(hyperref)                removing `\beta' on input line 252.


Package hyperref Warning: Token not allowed in a PDF string (PDFDocEncoding):
(hyperref)                removing `math shift' on input line 252.

<figuras/alphaBeta.pdf, id=155, 710.655pt x 412.54124pt>
File: figuras/alphaBeta.pdf Graphic file (type pdf)
<use figuras/alphaBeta.pdf>
Package pdftex.def Info: figuras/alphaBeta.pdf  used on input line 256.
(pdftex.def)             Requested size: 710.65326pt x 412.54024pt.

Overfull \hbox (1.83334pt too wide) has occurred while \output is active
[] 
 []


Overfull \hbox (1.83334pt too wide) has occurred while \output is active
[][] 
 []

[20

pdfTeX warning (ext4): destination with the same identifier (name{20.0}) has been already used, duplicate ignored
<argument> ...shipout:D \box_use:N \l_shipout_box 
                                                  
l.259 \end{Slide}
                  </home/fbarth/workspaces/agents/slides/04_busca_competitiva/figuras/alphaBeta.pdf>]
<figuras/muzero.png, id=167, 677.53125pt x 756.8275pt>
File: figuras/muzero.png Graphic file (type png)
<use figuras/muzero.png>
Package pdftex.def Info: figuras/muzero.png  used on input line 268.
(pdftex.def)             Requested size: 677.52959pt x 756.82565pt.

Overfull \hbox (1.83334pt too wide) has occurred while \output is active
[] 
 []


Overfull \hbox (1.83334pt too wide) has occurred while \output is active
[][] 
 []

[21

pdfTeX warning (ext4): destination with the same identifier (name{21.0}) has been already used, duplicate ignored
<argument> ...shipout:D \box_use:N \l_shipout_box 
                                                  
l.271 \end{Slide}
                 ]

LaTeX Warning: Slide 22 overfull by 6.0004pt on input line 271.


Overfull \vbox (4.0004pt too high) has occurred while \output is active []


Overfull \hbox (1.83334pt too wide) has occurred while \output is active
[] 
 []


Overfull \hbox (1.83334pt too wide) has occurred while \output is active
[][] 
 []

[22 </home/fbarth/workspaces/agents/slides/04_busca_competitiva/figuras/muzero.png>]
Overfull \hbox (1.83334pt too wide) has occurred while \output is active
[] 
 []


Overfull \hbox (1.83334pt too wide) has occurred while \output is active
[][] 
 []

[23

pdfTeX warning (ext4): destination with the same identifier (name{23.0}) has been already used, duplicate ignored
<argument> ...shipout:D \box_use:N \l_shipout_box 
                                                  
l.282 \end{Slide}
                 ]

*******************************************************
***** !! PRINT THIS DOCUMENT IN LANDSCAPE MODE !! *****
*******************************************************
(/home/fbarth/workspaces/agents/slides/04_busca_competitiva/buscaCompetitiva.aux)

LaTeX Warning: Label(s) may have changed. Rerun to get cross-references right.


Package rerunfilecheck Warning: File `buscaCompetitiva.out' has changed.
(rerunfilecheck)                Rerun to get outlines right
(rerunfilecheck)                or use package `bookmark'.

Package rerunfilecheck Info: Checksums for `buscaCompetitiva.out':
(rerunfilecheck)             Before: <no file>
(rerunfilecheck)             After:  7945D31AF497E8E471C0A3767A56F0E3;1036.
 )
(\end occurred inside a group at level 1)

### semi simple group (level 1) entered at line 17 (\begingroup)
### bottom level 
Here is how much of TeX's memory you used:
 13647 strings out of 479304
 233761 string characters out of 5869779
 553221 words of memory out of 5000000
 30541 multiletter control sequences out of 15000+600000
 408116 words of font info for 42 fonts, out of 8000000 for 9000
 1141 hyphenation exceptions out of 8191
 104i,16n,108p,512b,1751s stack positions out of 5000i,500n,10000p,200000b,80000s
</usr/share/texlive/texmf-dist/fonts/type1/public/amsfonts/cm/cmex10.pfb></usr/share/texlive/texmf-dist/fonts/type1/public/amsfonts/cm/cmmi10.pfb></usr/share/texlive/texmf-dist/fonts/type1/public/amsfonts/cm/cmmi12.pfb></usr/share/texlive/texmf-dist/fonts/type1/public/amsfonts/cm/cmmi5.pfb></usr/share/texlive/texmf-dist/fonts/type1/public/amsfonts/cm/cmmi7.pfb></usr/share/texlive/texmf-dist/fonts/type1/public/amsfonts/cm/cmr10.pfb></usr/share/texlive/texmf-dist/fonts/type1/public/amsfonts/cm/cmr7.pfb></usr/share/texlive/texmf-dist/fonts/type1/public/amsfonts/cm/cmss10.pfb></usr/share/texlive/texmf-dist/fonts/type1/public/amsfonts/cm/cmss12.pfb></usr/share/texlive/texmf-dist/fonts/type1/public/amsfonts/cm/cmss8.pfb></usr/share/texlive/texmf-dist/fonts/type1/public/amsfonts/cm/cmss9.pfb></usr/share/texlive/texmf-dist/fonts/type1/public/amsfonts/cm/cmssbx10.pfb></usr/share/texlive/texmf-dist/fonts/type1/public/amsfonts/cm/cmssi10.pfb></usr/share/texlive/texmf-dist/fonts/type1/public/amsfonts/cm/cmssi12.pfb></usr/share/texlive/texmf-dist/fonts/type1/public/amsfonts/cm/cmssi8.pfb></usr/share/texlive/texmf-dist/fonts/type1/public/amsfonts/cm/cmsy10.pfb></usr/share/texlive/texmf-dist/fonts/type1/public/amsfonts/cm/cmsy5.pfb>
Output written on /home/fbarth/workspaces/agents/slides/04_busca_competitiva/buscaCompetitiva.pdf (23 pages, 1545120 bytes).
PDF statistics:
 253 PDF objects out of 1000 (max. 8388607)
 196 compressed objects within 2 object streams
 60 named destinations out of 1000 (max. 500000)
 41 words of extra memory for PDF output out of 10000 (max. 10000000)

