\BOOKMARK [-1][]{1.-1}{Busca em Espa\347o de Estados}{}% 1
\BOOKMARK [-1][]{2.-1}{Introdu\347\343o}{}% 2
\BOOKMARK [0][]{3.0}{Agente orientado a meta}{2.-1}% 3
\BOOKMARK [0][]{4.0}{O que \351 busca?}{2.-1}% 4
\BOOKMARK [0][]{5.0}{Exemplo do aspirador de p\363}{2.-1}% 5
\BOOKMARK [0][]{8.0}{Por que estados?}{2.-1}% 6
\BOOKMARK [0][]{9.0}{Exemplo do homem, o lobo, o carneiro e o cesto de alface.}{2.-1}% 7
\BOOKMARK [0][]{10.0}{Busca como desenvolvimento de software}{2.-1}% 8
\BOOKMARK [0][]{12.0}{Exerc\355cio}{2.-1}% 9
\BOOKMARK [-1][]{15.-1}{Algoritmos de Busca ``Cega''}{}% 10
\BOOKMARK [0][]{16.0}{\301rvore de busca}{15.-1}% 11
\BOOKMARK [0][]{17.0}{Estrat\351gias de busca}{15.-1}% 12
\BOOKMARK [0][]{18.0}{Algoritmo de busca em largura}{15.-1}% 13
\BOOKMARK [0][]{19.0}{Crit\351rios de compara\347\343o entre os algoritmos}{15.-1}% 14
\BOOKMARK [0][]{20.0}{An\341lise do algoritmo BL}{15.-1}% 15
\BOOKMARK [0][]{21.0}{Exemplo de complexidade}{15.-1}% 16
\BOOKMARK [0][]{22.0}{Nodos da \341rvore}{15.-1}% 17
\BOOKMARK [0][]{23.0}{Estrat\351gias de poda da \341rvore de busca}{15.-1}% 18
\BOOKMARK [0][]{25.0}{Algoritmo de busca em profundidade}{15.-1}% 19
\BOOKMARK [0][]{26.0}{An\341lise do algoritmo BP}{15.-1}% 20
\BOOKMARK [0][]{27.0}{Algoritmo de busca em profundidade iterativo}{15.-1}% 21
\BOOKMARK [0][]{28.0}{An\341lise do algoritmo BPI}{15.-1}% 22
\BOOKMARK [0][]{29.0}{Algoritmo de busca de custo uniforme}{15.-1}% 23
\BOOKMARK [0][]{30.0}{Algoritmo de busca de custo uniforme}{15.-1}% 24
\BOOKMARK [0][]{31.0}{Resumo}{15.-1}% 25
\BOOKMARK [-1][]{32.-1}{Algoritmos de Busca ``Inteligente''}{}% 26
\BOOKMARK [0][]{33.0}{Exemplo: ir de ``h'' para ``o'' \(com BL\)}{32.-1}% 27
\BOOKMARK [0][]{34.0}{Heur\355stica}{32.-1}% 28
\BOOKMARK [0][]{36.0}{Busca A*}{32.-1}% 29
\BOOKMARK [0][]{37.0}{Algoritmo de busca A*}{32.-1}% 30
\BOOKMARK [0][]{38.0}{Propriedades da fun\347\343o h}{32.-1}% 31
\BOOKMARK [0][]{39.0}{An\341lise do algoritmo A*}{32.-1}% 32
\BOOKMARK [0][]{40.0}{Exerc\355cio}{32.-1}% 33
\BOOKMARK [0][]{42.0}{Exerc\355cio}{32.-1}% 34
\BOOKMARK [0][]{44.0}{Algoritmo Subida da Montanha-1}{32.-1}% 35
\BOOKMARK [0][]{45.0}{An\341lise do algoritmo BSM-1}{32.-1}% 36
\BOOKMARK [0][]{46.0}{Algoritmo Subida da Montanha-2}{32.-1}% 37
\BOOKMARK [0][]{47.0}{An\341lise do algoritmo BSM-2}{32.-1}% 38
\BOOKMARK [0][]{48.0}{Material de consulta}{32.-1}% 39
